2025-04-07 18:37:15,917 - app.main - INFO - Starting up...
2025-04-07 18:37:15,917 - app.main - INFO - Creating database and tables...
2025-04-07 19:04:36,171 - app.main - INFO - Starting up...
2025-04-07 19:04:36,172 - app.main - INFO - Creating database and tables...
2025-04-07 19:13:47,761 - app.main - INFO - Starting up...
2025-04-07 19:13:47,761 - app.main - INFO - Creating database and tables...
2025-04-07 19:13:47,790 - app.database - INFO - Creating missing tables: ['urls']
2025-04-07 19:13:47,802 - app.main - INFO - Database and tables created.
2025-04-07 19:13:47,802 - app.main - INFO - Application's ready...
2025-04-07 19:16:46,408 - app.main - INFO - Starting up...
2025-04-07 19:16:46,409 - app.main - INFO - Connecting to database...
2025-04-07 19:16:46,409 - app.main - ERROR - Database connection failed: 'generator' object has no attribute 'execute'
2025-04-07 19:18:59,347 - app.main - INFO - Starting up...
2025-04-07 19:18:59,347 - app.main - INFO - Connecting to database...
2025-04-07 19:18:59,348 - app.main - INFO - Database connection successful.
2025-04-07 19:18:59,348 - app.main - INFO - Creating database and tables...
2025-04-07 19:18:59,391 - app.database - INFO - Creating missing tables: ['urls']
2025-04-07 19:18:59,406 - app.main - INFO - Database and tables created.
2025-04-07 19:18:59,406 - app.main - INFO - Application's ready...
2025-04-07 19:24:29,110 - app.main - INFO - Starting up...
2025-04-07 19:24:29,110 - app.main - INFO - Connecting to database...
2025-04-07 19:24:29,111 - app.main - INFO - Database connection successful.
2025-04-07 19:24:29,111 - app.main - INFO - Creating database and tables...
2025-04-07 19:24:29,149 - app.database - INFO - All tables already exist. No action taken.
2025-04-07 19:24:29,150 - app.main - INFO - Database and tables created.
2025-04-07 19:24:29,150 - app.main - INFO - Application's ready...
2025-04-07 19:31:10,381 - app.main - INFO - Starting up...
2025-04-07 19:31:10,381 - app.main - INFO - Connecting to database...
2025-04-07 19:31:10,382 - app.main - INFO - Database connection successful.
2025-04-07 19:31:10,382 - app.main - INFO - Creating database and tables...
2025-04-07 19:31:10,417 - app.database - INFO - All tables already exist. No action taken.
2025-04-07 19:31:10,417 - app.main - INFO - Database and tables created.
2025-04-07 19:31:10,418 - app.main - INFO - Application's ready...
2025-04-07 19:33:40,691 - app.main - INFO - Starting up...
2025-04-07 19:33:40,692 - app.main - INFO - Connecting to database...
2025-04-07 19:33:40,692 - app.main - INFO - Database connection successful.
2025-04-07 19:33:40,693 - app.main - INFO - Creating database and tables...
2025-04-07 19:33:40,736 - app.database - INFO - Creating missing tables: ['urls']
2025-04-07 19:33:40,752 - app.main - INFO - Database and tables created.
2025-04-07 19:33:40,752 - app.main - INFO - Application's ready...
2025-04-07 19:47:13,568 - app.main - INFO - Starting up...
2025-04-07 19:47:13,568 - app.main - INFO - Connecting to database...
2025-04-07 19:47:13,569 - app.main - INFO - Database connection successful.
2025-04-07 19:47:13,569 - app.main - INFO - Creating database and tables...
2025-04-07 19:47:13,605 - app.database - INFO - Creating missing tables: ['urls']
2025-04-07 19:47:13,624 - app.main - INFO - Database and tables created.
2025-04-07 19:47:13,624 - app.main - INFO - Application's ready...
2025-04-07 19:52:48,719 - app.main - INFO - Starting up...
2025-04-07 19:52:48,719 - app.main - INFO - Connecting to database...
2025-04-07 19:52:48,719 - app.main - INFO - Database connection successful.
2025-04-07 19:52:48,720 - app.main - INFO - Creating database and tables...
2025-04-07 19:52:48,763 - app.database - INFO - Creating missing tables: ['urls']
2025-04-07 19:52:48,784 - app.main - INFO - Database and tables created.
2025-04-07 19:52:48,784 - app.main - INFO - Application's ready...
2025-04-07 19:54:24,898 - app.main - INFO - Starting up...
2025-04-07 19:54:24,898 - app.main - INFO - Connecting to database...
2025-04-07 19:54:24,899 - app.main - INFO - Database connection successful.
2025-04-07 19:54:24,899 - app.main - INFO - Creating database and tables...
2025-04-07 19:54:24,949 - app.database - INFO - Creating missing tables: ['urls']
2025-04-07 19:54:24,971 - app.main - INFO - Database and tables created.
2025-04-07 19:54:24,971 - app.main - INFO - Application's ready...
2025-04-07 20:00:34,269 - app.main - INFO - Starting up...
2025-04-07 20:00:34,269 - app.main - INFO - Connecting to database...
2025-04-07 20:00:34,270 - app.main - INFO - Database connection successful.
2025-04-07 20:00:34,270 - app.main - INFO - Creating database and tables...
2025-04-07 20:00:34,318 - app.database - INFO - Creating missing tables: ['urls']
2025-04-07 20:00:34,339 - app.main - INFO - Database and tables created.
2025-04-07 20:00:34,339 - app.main - INFO - Application's ready...
2025-04-07 20:08:27,370 - app.main - INFO - Starting up...
2025-04-07 20:08:27,370 - app.main - INFO - Connecting to database...
2025-04-07 20:08:27,371 - app.main - INFO - Database connection successful.
2025-04-07 20:08:27,371 - app.main - INFO - Creating database and tables...
2025-04-07 20:08:27,413 - app.database - INFO - Creating missing tables: ['urls']
2025-04-07 20:08:27,427 - app.main - INFO - Database and tables created.
2025-04-07 20:08:27,428 - app.main - INFO - Application's ready...
2025-04-07 20:16:12,906 - app.main - INFO - Starting up...
2025-04-07 20:16:12,906 - app.main - INFO - Connecting to database...
2025-04-07 20:16:12,907 - app.main - INFO - Database connection successful.
2025-04-07 20:16:12,907 - app.main - INFO - Creating database and tables...
2025-04-07 20:16:12,943 - app.database - INFO - Creating missing tables: ['urls']
2025-04-07 20:16:12,960 - app.main - INFO - Database and tables created.
2025-04-07 20:16:12,960 - app.main - INFO - Application's ready...
2025-04-07 20:18:01,447 - app.main - INFO - Starting up...
2025-04-07 20:18:01,447 - app.main - INFO - Connecting to database...
2025-04-07 20:18:01,448 - app.main - INFO - Database connection successful.
2025-04-07 20:18:01,448 - app.main - INFO - Creating database and tables...
2025-04-07 20:18:01,488 - app.database - INFO - Creating missing tables: ['urls']
2025-04-07 20:18:01,506 - app.main - INFO - Database and tables created.
2025-04-07 20:18:01,506 - app.main - INFO - Application's ready...
2025-04-12 19:01:15,683 - app.main - INFO - Starting up...
2025-04-12 19:01:15,683 - app.main - INFO - Connecting to database...
2025-04-12 19:01:15,683 - app.main - INFO - Database connection successful.
2025-04-12 19:01:15,683 - app.main - INFO - Creating database and tables...
2025-04-12 19:01:15,772 - app.database - INFO - All tables already exist. No action taken.
2025-04-12 19:01:15,772 - app.main - INFO - Database and tables created.
2025-04-12 19:01:15,772 - app.main - INFO - Application's ready...
2025-04-12 19:22:57,696 - app.main - INFO - Starting up...
2025-04-12 19:22:57,696 - app.main - INFO - Connecting to database...
2025-04-12 19:22:57,697 - app.main - INFO - Database connection successful.
2025-04-12 19:22:57,697 - app.main - INFO - Creating database and tables...
2025-04-12 19:22:57,734 - app.database - INFO - All tables already exist. No action taken.
2025-04-12 19:22:57,734 - app.main - INFO - Database and tables created.
2025-04-12 19:22:57,734 - app.main - INFO - Application's ready...
